<?xml version="1.0" encoding="UTF-8"?>
<!-- Generated by org.testng.reporters.JUnitReportReporter -->
<testsuite hostname="Anusuyas-MBP.lan" failures="0" tests="1" name="Runners.longpress" time="6.429" errors="0" timestamp="2024-10-04T11:58:50 CDT" skipped="0">
  <testcase classname="Runners.longpress" name="LongPressGesture" time="6.429"/>
</testsuite> <!-- Runners.longpress -->
